c:\documents and settings\administrator\my documents\visual studio 2010\projects\bgi\debug\vc100.pdb
c:\documents and settings\administrator\my documents\visual studio 2010\projects\bgi\debug\bgiout.obj
c:\documents and settings\administrator\my documents\visual studio 2010\projects\bgi\debug\winthread.obj
c:\documents and settings\administrator\my documents\visual studio 2010\projects\bgi\debug\bgi.obj
c:\documents and settings\administrator\my documents\visual studio 2010\projects\bgi\debug\drawing.obj
c:\documents and settings\administrator\my documents\visual studio 2010\projects\bgi\debug\misc.obj
c:\documents and settings\administrator\my documents\visual studio 2010\projects\bgi\debug\mouse.obj
c:\documents and settings\administrator\my documents\visual studio 2010\projects\bgi\debug\palette.obj
c:\documents and settings\administrator\my documents\visual studio 2010\projects\bgi\debug\text.obj
c:\documents and settings\administrator\my documents\visual studio 2010\projects\bgi\debug\winbgi.obj
c:\documents and settings\administrator\my documents\visual studio 2010\projects\bgi\debug\dibutil.obj
c:\documents and settings\administrator\my documents\visual studio 2010\projects\bgi\debug\file.obj
c:\documents and settings\administrator\my documents\visual studio 2010\projects\bgi\debug\test-colors.obj
c:\documents and settings\administrator\my documents\visual studio 2010\projects\bgi\debug\main.obj
c:\documents and settings\administrator\my documents\visual studio 2010\projects\bgi\debug\bgi.ilk
c:\documents and settings\administrator\my documents\visual studio 2010\projects\bgi\debug\bgi.exe
c:\documents and settings\administrator\my documents\visual studio 2010\projects\bgi\debug\bgi.exe.intermediate.manifest
c:\documents and settings\administrator\my documents\visual studio 2010\projects\bgi\debug\bgi.pdb
c:\users\pkdpms0328\source\repos\fourier\debug\vc142.pdb
c:\users\pkdpms0328\source\repos\fourier\debug\vc142.idb
c:\users\pkdpms0328\source\repos\fourier\debug\main.obj
c:\users\pkdpms0328\source\repos\fourier\debug\winthread.obj
c:\users\pkdpms0328\source\repos\fourier\debug\winbgi.obj
c:\users\pkdpms0328\source\repos\fourier\debug\text.obj
c:\users\pkdpms0328\source\repos\fourier\debug\palette.obj
c:\users\pkdpms0328\source\repos\fourier\debug\mouse.obj
c:\users\pkdpms0328\source\repos\fourier\debug\misc.obj
c:\users\pkdpms0328\source\repos\fourier\debug\file.obj
c:\users\pkdpms0328\source\repos\fourier\debug\drawing.obj
c:\users\pkdpms0328\source\repos\fourier\debug\dibutil.obj
c:\users\pkdpms0328\source\repos\fourier\debug\bgiout.obj
c:\users\pkdpms0328\source\repos\fourier\debug\bgi.obj
c:\users\pkdpms0328\source\repos\fourier\debug\test-colors.obj
c:\users\pkdpms0328\source\repos\fourier\debug\cl.command.1.tlog
c:\users\pkdpms0328\source\repos\fourier\debug\cl.read.1.tlog
c:\users\pkdpms0328\source\repos\fourier\debug\cl.write.1.tlog
c:\users\pkdpms0328\source\repos\fourier\debug\link.command.1.tlog
c:\users\pkdpms0328\source\repos\fourier\debug\link.read.1.tlog
c:\users\pkdpms0328\source\repos\fourier\debug\link.write.1.tlog
c:\users\pkdpms0328\source\repos\fourier\debug\mt.command.1.tlog
c:\users\pkdpms0328\source\repos\fourier\debug\mt.read.1.tlog
c:\users\pkdpms0328\source\repos\fourier\debug\mt.write.1.tlog
c:\users\pkdpms0328\source\repos\fourier\debug\bgi.exe.intermediate.manifest
c:\users\pkdpms0328\source\repos\fourier\debug\vc100.idb
c:\users\pkdpms0328\source\repos\fourier\debug\bgi.pdb
c:\users\pkdpms0328\source\repos\fourier\debug\vc100.pdb
c:\users\pkdpms0328\source\repos\fourier\debug\bgi.tlog\cl.command.1.tlog
c:\users\pkdpms0328\source\repos\fourier\debug\bgi.tlog\cl.read.1.tlog
c:\users\pkdpms0328\source\repos\fourier\debug\bgi.tlog\cl.write.1.tlog
c:\users\pkdpms0328\source\repos\fourier\debug\bgi.tlog\link-cvtres.read.1.tlog
c:\users\pkdpms0328\source\repos\fourier\debug\bgi.tlog\link-cvtres.write.1.tlog
c:\users\pkdpms0328\source\repos\fourier\debug\bgi.tlog\link-rc.read.1.tlog
c:\users\pkdpms0328\source\repos\fourier\debug\bgi.tlog\link-rc.write.1.tlog
c:\users\pkdpms0328\source\repos\fourier\debug\bgi.tlog\link.command.1.tlog
c:\users\pkdpms0328\source\repos\fourier\debug\bgi.tlog\link.read.1.tlog
c:\users\pkdpms0328\source\repos\fourier\debug\bgi.tlog\link.write.1.tlog
